<?xml version="1.0" encoding="UTF-8"?>
<testng-results skipped="0" failed="0" ignored="0" total="1" passed="1">
  <reporter-output>
  </reporter-output>
  <suite name="All Test Suite" duration-ms="37" started-at="2021-01-15T16:54:55 IST" finished-at="2021-01-15T16:54:55 IST">
    <groups>
    </groups>
    <test name="C:/Users/Lenovo/Desktop/MyMvnWithJenkins/src/test/java" duration-ms="37" started-at="2021-01-15T16:54:55 IST" finished-at="2021-01-15T16:54:55 IST">
      <class name="TestNgClass">
        <test-method status="PASS" signature="test1()[pri:0, instance:TestNgClass@40e6dfe1]" name="test1" duration-ms="5" started-at="2021-01-15T16:54:55 IST" finished-at="2021-01-15T16:54:55 IST">
          <reporter-output>
          </reporter-output>
        </test-method> <!-- test1 -->
      </class> <!-- TestNgClass -->
    </test> <!-- C:/Users/Lenovo/Desktop/MyMvnWithJenkins/src/test/java -->
  </suite> <!-- All Test Suite -->
</testng-results>
